<?xml version="1.0" encoding="UTF-8"?>
<testsuite name="practical1.NumberToolsTest" tests="2" skipped="0" failures="0" errors="0" timestamp="2024-10-18T12:37:04" hostname="d062166.stir.ac.uk" time="0.028">
  <properties/>
  <testcase name="testParse" classname="practical1.NumberToolsTest" time="0.012"/>
  <testcase name="testComputeStatistic" classname="practical1.NumberToolsTest" time="0.015"/>
  <system-out><![CDATA[]]></system-out>
  <system-err><![CDATA[]]></system-err>
</testsuite>
